#
# A fatal error has been detected by the Java Runtime Environment:
#
#  EXCEPTION_ACCESS_VIOLATION (0xc0000005) at pc=0x00007ff91f4bbc4e, pid=23460, tid=0x000000000000808c
#
# JRE version: Java(TM) SE Runtime Environment (8.0_172-b11) (build 1.8.0_172-b11)
# Java VM: Java HotSpot(TM) 64-Bit Server VM (25.172-b11 mixed mode windows-amd64 compressed oops)
# Problematic frame:
# C  [ig9icd64.dll+0x1fbc4e]
#
# Failed to write core dump. Minidumps are not enabled by default on client versions of Windows
#
# If you would like to submit a bug report, please visit:
#   http://bugreport.java.com/bugreport/crash.jsp
# The crash happened outside the Java Virtual Machine in native code.
# See problematic frame for where to report the bug.
#

---------------  T H R E A D  ---------------

Current thread (0x000000001f282000):  JavaThread "AWT-EventQueue-0" [_thread_in_native, id=32908, stack(0x00000000210d0000,0x00000000211d0000)]

siginfo: ExceptionCode=0xc0000005, writing address 0x0000000000000000

Registers:
RAX=0x0000000000000001, RBX=0x0000000029e1e8c0, RCX=0x0000000029e1e8c0, RDX=0x000000002a34e980
RSP=0x00000000211cd910, RBP=0x0000000000000000, RSI=0x0000000000000000, RDI=0x0000000029e1e8c0
R8 =0x0000000000008b82, R9 =0x0000000000000000, R10=0x00000000028a8c3b, R11=0x0000000076d0cdc0
R12=0x0000000000000000, R13=0x0000000020ef4c08, R14=0x000000002a531420, R15=0x0000000000008b82
RIP=0x00007ff91f4bbc4e, EFLAGS=0x0000000000010246

Top of Stack: (sp=0x00000000211cd910)
0x00000000211cd910:   0000000020ef4c08 0000000000000000
0x00000000211cd920:   00000000211cd9e0 0000000076cbccd7
0x00000000211cd930:   0000000029e1e8c0 00007ff91f4b487b
0x00000000211cd940:   000000002a34e980 0000000000008b82
0x00000000211cd950:   0000000020ef4c08 000000001f282000
0x00000000211cd960:   000000002a34ed08 000000001fa37060
0x00000000211cd970:   0000000029e1e8c0 00007ff91f4bb1ef
0x00000000211cd980:   000000001fa07e60 000000002a34e980
0x00000000211cd990:   00007ff91f4b4810 0000000076c102e0
0x00000000211cd9a0:   fffffffffffffffe 0000000020e10028
0x00000000211cd9b0:   000000001f282000 00000000211cdb08
0x00000000211cd9c0:   000000002a34e980 00007ff91f5b473d
0x00000000211cd9d0:   000000001fa07e60 0000000000000001
0x00000000211cd9e0:   0000000000008b82 0000000000000000
0x00000000211cd9f0:   0000000000000000 00000000211cdb08
0x00000000211cda00:   0000000002897da0 00000000028a8c67 

Instructions: (pc=0x00007ff91f4bbc4e)
0x00007ff91f4bbc2e:   8d 4f 10 ff d3 89 06 33 c0 48 8b 5c 24 30 48 8b
0x00007ff91f4bbc3e:   74 24 38 48 83 c4 20 5f c3 0f b6 81 24 01 00 00
0x00007ff91f4bbc4e:   41 89 01 33 c0 48 8b 5c 24 30 48 8b 74 24 38 48
0x00007ff91f4bbc5e:   83 c4 20 5f c3 41 81 f8 76 8c 00 00 0f 87 16 02 


Register to memory mapping:

RAX=0x0000000000000001 is an unknown value
RBX=0x0000000029e1e8c0 is an unknown value
RCX=0x0000000029e1e8c0 is an unknown value
RDX=0x000000002a34e980 is an unknown value
RSP=0x00000000211cd910 is pointing into the stack for thread: 0x000000001f282000
RBP=0x0000000000000000 is an unknown value
RSI=0x0000000000000000 is an unknown value
RDI=0x0000000029e1e8c0 is an unknown value
R8 =0x0000000000008b82 is an unknown value
R9 =0x0000000000000000 is an unknown value
R10=0x00000000028a8c3b is at code_begin+891 in an Interpreter codelet
method entry point (kind = native)  [0x00000000028a88c0, 0x00000000028a9280]  2496 bytes
R11=0x0000000076d0cdc0 is an unknown value
R12=0x0000000000000000 is an unknown value
R13={method} {0x0000000020ef4c10} 'dispatch_glGetProgramiv1' '(IILjava/lang/Object;IZJ)V' in 'jogamp/opengl/gl4/GL4bcImpl'
R14=0x000000002a531420 is an unknown value
R15=0x0000000000008b82 is an unknown value


Stack: [0x00000000210d0000,0x00000000211d0000],  sp=0x00000000211cd910,  free space=1014k
Native frames: (J=compiled Java code, j=interpreted, Vv=VM code, C=native code)

Java frames: (J=compiled Java code, j=interpreted, Vv=VM code)
j  jogamp.opengl.gl4.GL4bcImpl.dispatch_glGetProgramiv1(IILjava/lang/Object;IZJ)V+0
j  jogamp.opengl.gl4.GL4bcImpl.glGetProgramiv(II[II)V+104
j  a1.views.ShaderProgram.attachShader(Ljava/lang/String;I)V+148
j  a1.views.ShaderProgram.addVertexShader(Ljava/lang/String;)V+4
j  a1.models.MyCanvas.init(Lcom/jogamp/opengl/GLAutoDrawable;)V+109
j  jogamp.opengl.GLDrawableHelper.init(Lcom/jogamp/opengl/GLEventListener;Lcom/jogamp/opengl/GLAutoDrawable;Z)V+2
j  jogamp.opengl.GLDrawableHelper.init(Lcom/jogamp/opengl/GLAutoDrawable;Z)V+81
j  com.jogamp.opengl.awt.GLCanvas$10.run()V+26
j  jogamp.opengl.GLDrawableHelper.invokeGLImpl(Lcom/jogamp/opengl/GLDrawable;Lcom/jogamp/opengl/GLContext;Ljava/lang/Runnable;Ljava/lang/Runnable;)V+197
j  jogamp.opengl.GLDrawableHelper.invokeGL(Lcom/jogamp/opengl/GLDrawable;Lcom/jogamp/opengl/GLContext;Ljava/lang/Runnable;Ljava/lang/Runnable;)V+72
j  com.jogamp.opengl.awt.GLCanvas$12.run()V+104
j  java.awt.event.InvocationEvent.dispatch()V+11
j  java.awt.EventQueue.dispatchEventImpl(Ljava/awt/AWTEvent;Ljava/lang/Object;)V+21
j  java.awt.EventQueue.access$500(Ljava/awt/EventQueue;Ljava/awt/AWTEvent;Ljava/lang/Object;)V+3
j  java.awt.EventQueue$3.run()Ljava/lang/Void;+32
j  java.awt.EventQueue$3.run()Ljava/lang/Object;+1
v  ~StubRoutines::call_stub
j  java.security.AccessController.doPrivileged(Ljava/security/PrivilegedAction;Ljava/security/AccessControlContext;)Ljava/lang/Object;+0
j  java.security.ProtectionDomain$JavaSecurityAccessImpl.doIntersectionPrivilege(Ljava/security/PrivilegedAction;Ljava/security/AccessControlContext;Ljava/security/AccessControlContext;)Ljava/lang/Object;+18
j  java.awt.EventQueue.dispatchEvent(Ljava/awt/AWTEvent;)V+46
j  java.awt.EventDispatchThread.pumpOneEventForFilters(I)V+140
j  java.awt.EventDispatchThread.pumpEventsForFilter(ILjava/awt/Conditional;Ljava/awt/EventFilter;)V+35
j  java.awt.EventDispatchThread.pumpEventsForHierarchy(ILjava/awt/Conditional;Ljava/awt/Component;)V+11
j  java.awt.EventDispatchThread.pumpEvents(ILjava/awt/Conditional;)V+4
j  java.awt.EventDispatchThread.pumpEvents(Ljava/awt/Conditional;)V+3
j  java.awt.EventDispatchThread.run()V+9
v  ~StubRoutines::call_stub

---------------  P R O C E S S  ---------------

Java Threads: ( => current thread )
  0x000000000278e800 JavaThread "DestroyJavaVM" [_thread_blocked, id=27452, stack(0x0000000002620000,0x0000000002720000)]
  0x000000001f45e000 JavaThread "main-FPSAWTAnimator#00-Timer0" [_thread_blocked, id=30788, stack(0x000000002b850000,0x000000002b950000)]
  0x000000001f2ae000 JavaThread "main-SharedResourceRunner" daemon [_thread_blocked, id=29972, stack(0x00000000213d0000,0x00000000214d0000)]
=>0x000000001f282000 JavaThread "AWT-EventQueue-0" [_thread_in_native, id=32908, stack(0x00000000210d0000,0x00000000211d0000)]
  0x000000001f62c800 JavaThread "AWT-Shutdown" [_thread_blocked, id=33612, stack(0x0000000020fd0000,0x00000000210d0000)]
  0x000000001f0d7000 JavaThread "AWT-Windows" daemon [_thread_in_native, id=24292, stack(0x000000001fab0000,0x000000001fbb0000)]
  0x000000001f0d3800 JavaThread "Java2D Disposer" daemon [_thread_blocked, id=25224, stack(0x000000001f840000,0x000000001f940000)]
  0x000000001e1d6000 JavaThread "Service Thread" daemon [_thread_blocked, id=9152, stack(0x000000001ed00000,0x000000001ee00000)]
  0x000000001e157000 JavaThread "C1 CompilerThread3" daemon [_thread_blocked, id=4752, stack(0x000000001ec00000,0x000000001ed00000)]
  0x000000001e153000 JavaThread "C2 CompilerThread2" daemon [_thread_blocked, id=24820, stack(0x000000001eb00000,0x000000001ec00000)]
  0x000000001e13f800 JavaThread "C2 CompilerThread1" daemon [_thread_blocked, id=19300, stack(0x000000001ea00000,0x000000001eb00000)]
  0x000000001e13b000 JavaThread "C2 CompilerThread0" daemon [_thread_blocked, id=10740, stack(0x000000001e900000,0x000000001ea00000)]
  0x000000001e139800 JavaThread "Attach Listener" daemon [_thread_blocked, id=17484, stack(0x000000001e800000,0x000000001e900000)]
  0x000000001e139000 JavaThread "Signal Dispatcher" daemon [_thread_blocked, id=26928, stack(0x000000001e700000,0x000000001e800000)]
  0x000000001e130800 JavaThread "Finalizer" daemon [_thread_blocked, id=25700, stack(0x000000001e510000,0x000000001e610000)]
  0x000000000288a000 JavaThread "Reference Handler" daemon [_thread_blocked, id=21576, stack(0x000000001e010000,0x000000001e110000)]

Other Threads:
  0x000000001c229800 VMThread [stack: 0x000000001df10000,0x000000001e010000] [id=26260]
  0x000000001e1ff000 WatcherThread [stack: 0x000000001ee00000,0x000000001ef00000] [id=33668]

VM state:not at safepoint (normal execution)

VM Mutex/Monitor currently owned by a thread: None

Heap:
 PSYoungGen      total 75776K, used 45890K [0x000000076b800000, 0x0000000770c80000, 0x00000007c0000000)
  eden space 65024K, 70% used [0x000000076b800000,0x000000076e4d0818,0x000000076f780000)
  from space 10752K, 0% used [0x0000000770200000,0x0000000770200000,0x0000000770c80000)
  to   space 10752K, 0% used [0x000000076f780000,0x000000076f780000,0x0000000770200000)
 ParOldGen       total 173568K, used 0K [0x00000006c2800000, 0x00000006cd180000, 0x000000076b800000)
  object space 173568K, 0% used [0x00000006c2800000,0x00000006c2800000,0x00000006cd180000)
 Metaspace       used 16282K, capacity 16442K, committed 16768K, reserved 1064960K
  class space    used 1761K, capacity 1828K, committed 1920K, reserved 1048576K

Card table byte_map: [0x0000000011c50000,0x0000000012440000] byte_map_base: 0x000000000e63c000

Marking Bits: (ParMarkBitMap*) 0x0000000077303c10
 Begin Bits: [0x0000000013190000, 0x00000000170f0000)
 End Bits:   [0x00000000170f0000, 0x000000001b050000)

Polling page: 0x00000000007f0000

CodeCache: size=245760Kb used=3173Kb max_used=3173Kb free=242586Kb
 bounds [0x0000000002890000, 0x0000000002bb0000, 0x0000000011890000]
 total_blobs=1600 nmethods=753 adapters=760
 compilation: enabled

Compilation events (10 events):
Event: 3.471 Thread 0x000000001e157000  749  s    3       java.util.jar.JarFile::getInputStream (89 bytes)
Event: 3.471 Thread 0x000000001e157000 nmethod 749 0x0000000002ba0790 code [0x0000000002ba09a0, 0x0000000002ba1518]
Event: 3.478 Thread 0x000000001e157000  751       3       sun.net.www.protocol.jar.Handler::indexOfBangSlash (52 bytes)
Event: 3.479 Thread 0x000000001e157000 nmethod 751 0x0000000002ba1850 code [0x0000000002ba1a00, 0x0000000002ba20f8]
Event: 3.479 Thread 0x000000001e157000  753       3       java.net.URLStreamHandler::setURL (159 bytes)
Event: 3.480 Thread 0x000000001e157000 nmethod 753 0x0000000002ba2350 code [0x0000000002ba25c0, 0x0000000002ba3948]
Event: 3.480 Thread 0x000000001e157000  750       3       sun.net.www.protocol.jar.Handler::parseContextSpec (154 bytes)
Event: 3.481 Thread 0x000000001e157000 nmethod 750 0x0000000002ba41d0 code [0x0000000002ba45c0, 0x0000000002ba6ce8]
Event: 3.481 Thread 0x000000001e157000  752       3       sun.net.www.ParseUtil::canonizeString (195 bytes)
Event: 3.482 Thread 0x000000001e157000 nmethod 752 0x0000000002ba7ed0 code [0x0000000002ba8280, 0x0000000002baa728]

GC Heap History (0 events):
No events

Deoptimization events (3 events):
Event: 1.152 Thread 0x000000000278e800 Uncommon trap: reason=unstable_if action=reinterpret pc=0x0000000002a462fc method=java.lang.String.indexOf([CII[CIII)I @ 3
Event: 1.833 Thread 0x000000000278e800 Uncommon trap: reason=unstable_if action=reinterpret pc=0x0000000002a85d3c method=java.lang.String.<init>([CII)V @ 18
Event: 3.137 Thread 0x000000000278e800 Uncommon trap: reason=unstable_if action=reinterpret pc=0x0000000002b43274 method=java.lang.reflect.AccessibleObject.setAccessible0(Ljava/lang/reflect/AccessibleObject;Z)V @ 4

Classes redefined (0 events):
No events

Internal exceptions (10 events):
Event: 0.103 Thread 0x000000000278e800 Exception <a 'java/lang/NoSuchMethodError': Method sun.misc.Unsafe.prefetchRead(Ljava/lang/Object;J)V name or signature does not match> (0x000000076b807f98) thrown at [C:\re\workspace\8-2-build-windows-amd64-cygwin\jdk8u172\10810\hotspot\src\share\vm\prim
Event: 0.409 Thread 0x000000000278e800 Exception <a 'java/security/PrivilegedActionException'> (0x000000076b8efc48) thrown at [C:\re\workspace\8-2-build-windows-amd64-cygwin\jdk8u172\10810\hotspot\src\share\vm\prims\jvm.cpp, line 1435]
Event: 0.410 Thread 0x000000000278e800 Exception <a 'java/security/PrivilegedActionException'> (0x000000076b8efe58) thrown at [C:\re\workspace\8-2-build-windows-amd64-cygwin\jdk8u172\10810\hotspot\src\share\vm\prims\jvm.cpp, line 1435]
Event: 0.412 Thread 0x000000000278e800 Exception <a 'java/security/PrivilegedActionException'> (0x000000076b8f3ac8) thrown at [C:\re\workspace\8-2-build-windows-amd64-cygwin\jdk8u172\10810\hotspot\src\share\vm\prims\jvm.cpp, line 1435]
Event: 0.412 Thread 0x000000000278e800 Exception <a 'java/security/PrivilegedActionException'> (0x000000076b8f3cd8) thrown at [C:\re\workspace\8-2-build-windows-amd64-cygwin\jdk8u172\10810\hotspot\src\share\vm\prims\jvm.cpp, line 1435]
Event: 0.428 Thread 0x000000000278e800 Exception <a 'java/io/FileNotFoundException'> (0x000000076b8f5d48) thrown at [C:\re\workspace\8-2-build-windows-amd64-cygwin\jdk8u172\10810\hotspot\src\share\vm\prims\jni.cpp, line 709]
Event: 0.549 Thread 0x000000000278e800 Exception <a 'java/lang/NoSuchFieldError': method resolution failed> (0x000000076bb0b768) thrown at [C:\re\workspace\8-2-build-windows-amd64-cygwin\jdk8u172\10810\hotspot\src\share\vm\prims\methodHandles.cpp, line 1167]
Event: 0.553 Thread 0x000000000278e800 Exception <a 'java/lang/NoSuchFieldError': method resolution failed> (0x000000076bb18b38) thrown at [C:\re\workspace\8-2-build-windows-amd64-cygwin\jdk8u172\10810\hotspot\src\share\vm\prims\methodHandles.cpp, line 1167]
Event: 0.641 Thread 0x000000000278e800 Exception <a 'java/io/FileNotFoundException'> (0x000000076bbb2418) thrown at [C:\re\workspace\8-2-build-windows-amd64-cygwin\jdk8u172\10810\hotspot\src\share\vm\prims\jni.cpp, line 709]
Event: 3.216 Thread 0x000000000278e800 Exception <a 'java/lang/reflect/InvocationTargetException'> (0x000000076cce0d80) thrown at [C:\re\workspace\8-2-build-windows-amd64-cygwin\jdk8u172\10810\hotspot\src\share\vm\runtime\reflection.cpp, line 1092]

Events (10 events):
Event: 3.466 loading class com/jogamp/opengl/glu/GLUquadric
Event: 3.466 loading class com/jogamp/opengl/glu/GLUquadric done
Event: 3.467 loading class com/jogamp/opengl/glu/gl2/GLUgl2
Event: 3.467 loading class com/jogamp/opengl/glu/gl2/GLUgl2 done
Event: 3.467 loading class com/jogamp/opengl/glu/gl2es1/GLUgl2es1
Event: 3.467 loading class com/jogamp/opengl/glu/gl2es1/GLUgl2es1 done
Event: 3.468 loading class jogamp/opengl/ProjectFloat
Event: 3.468 loading class jogamp/opengl/ProjectFloat done
Event: 3.478 loading class jogamp/opengl/glu/error/Error
Event: 3.478 loading class jogamp/opengl/glu/error/Error done


Dynamic libraries:
0x00007ff78abf0000 - 0x00007ff78ac27000 	C:\Program Files\Java\jre1.8.0_172\bin\javaw.exe
0x00007ff9813a0000 - 0x00007ff981581000 	C:\WINDOWS\SYSTEM32\ntdll.dll
0x00007ff980d80000 - 0x00007ff980e32000 	C:\WINDOWS\System32\KERNEL32.DLL
0x00007ff97d770000 - 0x00007ff97d9e3000 	C:\WINDOWS\System32\KERNELBASE.dll
0x00007ff9812c0000 - 0x00007ff981361000 	C:\WINDOWS\System32\ADVAPI32.dll
0x00007ff980300000 - 0x00007ff98039e000 	C:\WINDOWS\System32\msvcrt.dll
0x00007ff981120000 - 0x00007ff98117b000 	C:\WINDOWS\System32\sechost.dll
0x00007ff97fe20000 - 0x00007ff97ff44000 	C:\WINDOWS\System32\RPCRT4.dll
0x00007ff980400000 - 0x00007ff980590000 	C:\WINDOWS\System32\USER32.dll
0x00007ff97dc80000 - 0x00007ff97dca0000 	C:\WINDOWS\System32\win32u.dll
0x00007ff980130000 - 0x00007ff980158000 	C:\WINDOWS\System32\GDI32.dll
0x00007ff97da90000 - 0x00007ff97dc22000 	C:\WINDOWS\System32\gdi32full.dll
0x00007ff97d9f0000 - 0x00007ff97da8f000 	C:\WINDOWS\System32\msvcp_win.dll
0x00007ff97e730000 - 0x00007ff97e82a000 	C:\WINDOWS\System32\ucrtbase.dll
0x00007ff967f20000 - 0x00007ff968189000 	C:\WINDOWS\WinSxS\amd64_microsoft.windows.common-controls_6595b64144ccf1df_6.0.17134.286_none_fb43982d306480cc\COMCTL32.dll
0x00007ff980a50000 - 0x00007ff980d73000 	C:\WINDOWS\System32\combase.dll
0x00007ff97dca0000 - 0x00007ff97dd1a000 	C:\WINDOWS\System32\bcryptPrimitives.dll
0x00007ff980050000 - 0x00007ff98007d000 	C:\WINDOWS\System32\IMM32.DLL
0x0000000077a00000 - 0x0000000077ad2000 	C:\Program Files\Java\jre1.8.0_172\bin\msvcr100.dll
0x0000000076ae0000 - 0x0000000077383000 	C:\Program Files\Java\jre1.8.0_172\bin\server\jvm.dll
0x00007ff97ff50000 - 0x00007ff97ff58000 	C:\WINDOWS\System32\PSAPI.DLL
0x00007ff9674f0000 - 0x00007ff9674f9000 	C:\WINDOWS\SYSTEM32\WSOCK32.dll
0x00007ff966fe0000 - 0x00007ff966fea000 	C:\WINDOWS\SYSTEM32\VERSION.dll
0x00007ff973f30000 - 0x00007ff973f53000 	C:\WINDOWS\SYSTEM32\WINMM.dll
0x00007ff97fd30000 - 0x00007ff97fd9c000 	C:\WINDOWS\System32\WS2_32.dll
0x00007ff972ab0000 - 0x00007ff972ada000 	C:\WINDOWS\SYSTEM32\winmmbase.dll
0x00007ff97dc30000 - 0x00007ff97dc79000 	C:\WINDOWS\System32\cfgmgr32.dll
0x0000000050260000 - 0x000000005026f000 	C:\Program Files\Java\jre1.8.0_172\bin\verify.dll
0x0000000050230000 - 0x0000000050259000 	C:\Program Files\Java\jre1.8.0_172\bin\java.dll
0x0000000050210000 - 0x0000000050226000 	C:\Program Files\Java\jre1.8.0_172\bin\zip.dll
0x00007ff97e850000 - 0x00007ff97fc90000 	C:\WINDOWS\System32\SHELL32.dll
0x00007ff980080000 - 0x00007ff980129000 	C:\WINDOWS\System32\shcore.dll
0x00007ff97df70000 - 0x00007ff97e67d000 	C:\WINDOWS\System32\windows.storage.dll
0x00007ff9809e0000 - 0x00007ff980a31000 	C:\WINDOWS\System32\shlwapi.dll
0x00007ff97d6b0000 - 0x00007ff97d6c1000 	C:\WINDOWS\System32\kernel.appcore.dll
0x00007ff97d6f0000 - 0x00007ff97d70f000 	C:\WINDOWS\System32\profapi.dll
0x00007ff97d720000 - 0x00007ff97d76c000 	C:\WINDOWS\System32\powrprof.dll
0x00007ff97d710000 - 0x00007ff97d71a000 	C:\WINDOWS\System32\FLTLIB.DLL
0x0000000050030000 - 0x00000000501c9000 	C:\Program Files\Java\jre1.8.0_172\bin\awt.dll
0x00007ff981180000 - 0x00007ff981242000 	C:\WINDOWS\System32\OLEAUT32.dll
0x00007ff977670000 - 0x00007ff9776fb000 	C:\WINDOWS\SYSTEM32\apphelp.dll
0x00007ff97b5b0000 - 0x00007ff97b5d9000 	C:\WINDOWS\system32\DWMAPI.DLL
0x00007ff977750000 - 0x00007ff9777e8000 	C:\WINDOWS\system32\uxtheme.dll
0x00007ff96ca90000 - 0x00007ff96cbb0000 	C:\WINDOWS\system32\opengl32.dll
0x00007ff96dd20000 - 0x00007ff96dd4c000 	C:\WINDOWS\SYSTEM32\GLU32.dll
0x00007ff980e40000 - 0x00007ff980fb5000 	C:\WINDOWS\System32\MSCTF.dll
0x00007ff980fc0000 - 0x00007ff981111000 	C:\WINDOWS\System32\ole32.dll
0x00007ff97d0e0000 - 0x00007ff97d0f7000 	C:\WINDOWS\SYSTEM32\CRYPTSP.dll
0x00007ff97cb10000 - 0x00007ff97cb43000 	C:\WINDOWS\system32\rsaenh.dll
0x00007ff97d210000 - 0x00007ff97d235000 	C:\WINDOWS\SYSTEM32\bcrypt.dll
0x00007ff97d5b0000 - 0x00007ff97d5d8000 	C:\WINDOWS\SYSTEM32\USERENV.dll
0x00007ff97d100000 - 0x00007ff97d10b000 	C:\WINDOWS\SYSTEM32\CRYPTBASE.dll
0x00000000501f0000 - 0x000000005020a000 	C:\Program Files\Java\jre1.8.0_172\bin\net.dll
0x00007ff97cf30000 - 0x00007ff97cf96000 	C:\WINDOWS\system32\mswsock.dll
0x00007ff97ccb0000 - 0x00007ff97cce8000 	C:\WINDOWS\SYSTEM32\IPHLPAPI.DLL
0x00007ff980a40000 - 0x00007ff980a48000 	C:\WINDOWS\System32\NSI.dll
0x00007ff974570000 - 0x00007ff974586000 	C:\WINDOWS\SYSTEM32\dhcpcsvc6.DLL
0x00007ff9742d0000 - 0x00007ff9742ea000 	C:\WINDOWS\SYSTEM32\dhcpcsvc.DLL
0x00000000501d0000 - 0x00000000501e1000 	C:\Program Files\Java\jre1.8.0_172\bin\nio.dll
0x00000000637c0000 - 0x00000000637cd000 	C:\Users\thewo\AppData\Local\Temp\jogamp_0000\file_cache\jln7854245739395967425\jln1017283179929644322\natives\windows-amd64\gluegen-rt.dll
0x00000000779f0000 - 0x00000000779f7000 	C:\Program Files\Java\jre1.8.0_172\bin\jawt.dll
0x000000006a440000 - 0x000000006a44d000 	C:\Users\thewo\AppData\Local\Temp\jogamp_0000\file_cache\jln7854245739395967425\jln1017283179929644322\natives\windows-amd64\nativewindow_awt.dll
0x000000006c100000 - 0x000000006c10f000 	C:\Users\thewo\AppData\Local\Temp\jogamp_0000\file_cache\jln7854245739395967425\jln1017283179929644322\natives\windows-amd64\nativewindow_win32.dll
0x0000000064500000 - 0x00000000645b1000 	C:\Users\thewo\AppData\Local\Temp\jogamp_0000\file_cache\jln7854245739395967425\jln1017283179929644322\natives\windows-amd64\jogl_desktop.dll
0x0000000064340000 - 0x00000000643a2000 	C:\Users\thewo\AppData\Local\Temp\jogamp_0000\file_cache\jln7854245739395967425\jln1017283179929644322\natives\windows-amd64\jogl_mobile.dll
0x00007ff91f2c0000 - 0x00007ff920188000 	C:\WINDOWS\System32\DriverStore\FileRepository\igdlh64.inf_amd64_f2da37814c36578d\ig9icd64.dll
0x00007ff97c470000 - 0x00007ff97c52b000 	C:\WINDOWS\SYSTEM32\dxgi.dll
0x00007ff94d770000 - 0x00007ff94f5d9000 	C:\WINDOWS\System32\DriverStore\FileRepository\igdlh64.inf_amd64_f2da37814c36578d\igc64.dll
0x0000000077b80000 - 0x0000000077bc7000 	C:\Program Files\Java\jre1.8.0_172\bin\fontmanager.dll
0x0000000077b30000 - 0x0000000077b72000 	C:\Program Files\Java\jre1.8.0_172\bin\t2k.dll
0x00007ff96c370000 - 0x00007ff96c407000 	C:\WINDOWS\System32\TextInputFramework.dll
0x00007ff971920000 - 0x00007ff971c3e000 	C:\WINDOWS\System32\CoreUIComponents.dll
0x00007ff977130000 - 0x00007ff97720a000 	C:\WINDOWS\System32\CoreMessaging.dll
0x00007ff9756d0000 - 0x00007ff97581d000 	C:\WINDOWS\SYSTEM32\wintypes.dll
0x00007ff97c8b0000 - 0x00007ff97c8e1000 	C:\WINDOWS\SYSTEM32\ntmarta.dll
0x00007ff97c100000 - 0x00007ff97c2c9000 	C:\WINDOWS\SYSTEM32\dbghelp.dll

VM Arguments:
jvm_args: -Dfile.encoding=Cp1252 
java_command: a1.Starter
java_class_path (initial): C:\Program Files\Java\jre1.8.0_172\lib\resources.jar;C:\Program Files\Java\jre1.8.0_172\lib\rt.jar;C:\Program Files\Java\jre1.8.0_172\lib\jsse.jar;C:\Program Files\Java\jre1.8.0_172\lib\jce.jar;C:\Program Files\Java\jre1.8.0_172\lib\charsets.jar;C:\Program Files\Java\jre1.8.0_172\lib\jfr.jar;C:\Program Files\Java\jre1.8.0_172\lib\ext\access-bridge-64.jar;C:\Program Files\Java\jre1.8.0_172\lib\ext\cldrdata.jar;C:\Program Files\Java\jre1.8.0_172\lib\ext\dnsns.jar;C:\Program Files\Java\jre1.8.0_172\lib\ext\jaccess.jar;C:\Program Files\Java\jre1.8.0_172\lib\ext\jfxrt.jar;C:\Program Files\Java\jre1.8.0_172\lib\ext\localedata.jar;C:\Program Files\Java\jre1.8.0_172\lib\ext\nashorn.jar;C:\Program Files\Java\jre1.8.0_172\lib\ext\sunec.jar;C:\Program Files\Java\jre1.8.0_172\lib\ext\sunjce_provider.jar;C:\Program Files\Java\jre1.8.0_172\lib\ext\sunmscapi.jar;C:\Program Files\Java\jre1.8.0_172\lib\ext\sunpkcs11.jar;C:\Program Files\Java\jre1.8.0_172\lib\ext\zipfs.jar;C:\Users\thewo\eclipse-workspace\a1\bin;C:\CSC155\JOGL\jogamp-all-platforms\jar\gluegen-rt.jar;C:\CSC155\JOGL\jogamp-all-platforms\jar\jogl-all.jar;C:\CSC155\graphicslib3D\graphicslib3D.jar
Launcher Type: SUN_STANDARD

Environment Variables:
CLASSPATH=C:\CSC155\JOGL\jogamp-all-platforms\jar\gluegen-rt.jar;C:\CSC155\JOGL\jogamp-all-platforms\jar\jogl-all.jar;C:\CSC155\graphicslib3D\graphicslib3D.jar;
PATH=C:/Program Files/Java/jre1.8.0_172/bin/server;C:/Program Files/Java/jre1.8.0_172/bin;C:/Program Files/Java/jre1.8.0_172/lib/amd64;C:\Python36\Scripts\;C:\Python36\;C:\Program Files (x86)\Common Files\Oracle\Java\javapath;C:\Program Files (x86)\Intel\iCLS Client\;C:\Program Files\Intel\iCLS Client\;C:\WINDOWS\system32;C:\WINDOWS;C:\WINDOWS\System32\Wbem;C:\WINDOWS\System32\WindowsPowerShell\v1.0\;C:\ProgramData\chocolatey\bin;C:\Program Files\nodejs\;C:\Program Files (x86)\Yarn\bin\;C:\Program Files\Git\cmd;C:\WINDOWS\System32\OpenSSH\;C:\Program Files (x86)\Airtame;C:\Program Files\Microsoft VS Code\bin;C:\HashiCorp\Vagrant\bin;C:\Program Files\PuTTY\;C:\Program Files\Intel\WiFi\bin\;C:\Program Files\Common Files\Intel\WirelessCommon\;C:\Users\thewo\AppData\Local\Microsoft\WindowsApps;C:\Users\thewo\AppData\Local\Android\Sdk\emulator;C:\Users\thewo\AppData\Roaming\npm;C:\Users\thewo\AppData\Local\Yarn\bin;C:\Program Files\Microsoft VS Code\bin;C:\python36\Scripts;C:\Program Files\Java\jdk1.8.0_172\bin;;C:\Users\thewo\eclipse\java-photon\eclipse;
USERNAME=thewo
OS=Windows_NT
PROCESSOR_IDENTIFIER=Intel64 Family 6 Model 142 Stepping 10, GenuineIntel



---------------  S Y S T E M  ---------------

OS: Windows 10.0 , 64 bit Build 17134 (10.0.17134.1)

CPU:total 8 (initial active 8) (4 cores per cpu, 2 threads per core) family 6 model 142 stepping 10, cmov, cx8, fxsr, mmx, sse, sse2, sse3, ssse3, sse4.1, sse4.2, popcnt, avx, avx2, aes, clmul, erms, rtm, 3dnowpref, lzcnt, ht, tsc, tscinvbit, bmi1, bmi2, adx

Memory: 4k page, physical 16611264k(6720660k free), swap 39151584k(7568080k free)

vm_info: Java HotSpot(TM) 64-Bit Server VM (25.172-b11) for windows-amd64 JRE (1.8.0_172-b11), built on Mar 28 2018 21:21:52 by "java_re" with MS VC++ 10.0 (VS2010)

time: Tue Sep 25 20:23:23 2018
elapsed time: 3 seconds (0d 0h 0m 3s)

